Start testing: Jul 27 14:09 CST
----------------------------------------------------------
1/1 Testing: test_test_scan_mid360_world_input_launch.py
1/1 Test: test_test_scan_mid360_world_input_launch.py
Command: "/usr/bin/python3" "-u" "/opt/ros/humble/share/ament_cmake_test/cmake/run_test.py" "/home/amov/scan_ws/build/scan_planner/test_results/scan_planner/test_test_scan_mid360_world_input_launch.py.xunit.xml" "--package-name" "scan_planner" "--output-file" "/home/amov/scan_ws/build/scan_planner/launch_test/test_test_scan_mid360_world_input_launch.py.txt" "--command" "/usr/bin/python3" "-m" "launch_testing.launch_test" "/home/amov/scan_ws/src/SCAN-Planner-Pure-ROS2-master/test/test_scan_mid360_world_input_launch.py" "--junit-xml=/home/amov/scan_ws/build/scan_planner/test_results/scan_planner/test_test_scan_mid360_world_input_launch.py.xunit.xml" "--package-name=scan_planner"
Directory: /home/amov/scan_ws/build/scan_planner
"test_test_scan_mid360_world_input_launch.py" start time: Jul 27 14:09 CST
Output:
----------------------------------------------------------
-- run_test.py: invoking following command in '/home/amov/scan_ws/build/scan_planner':
 - /usr/bin/python3 -m launch_testing.launch_test /home/amov/scan_ws/src/SCAN-Planner-Pure-ROS2-master/test/test_scan_mid360_world_input_launch.py --junit-xml=/home/amov/scan_ws/build/scan_planner/test_results/scan_planner/test_test_scan_mid360_world_input_launch.py.xunit.xml --package-name=scan_planner
[INFO] [launch]: All log files can be found below /tmp/scan_planner_test_logs/2026-07-27-14-09-31-096757-ubuntu-30
[INFO] [launch]: Default logging verbosity is set to INFO
test_world_input_pipeline (scan_planner.TestScanMid360WorldInput) ... getifaddrs: Operation not permitted
getifaddrs: Operation not permitted
getifaddrs: Operation not permitted
[37;1m2026-07-27 14:09:31.140 [31;1m[[37;1mTRANSPORT_UDP[31;1m Error] [37mError creating socket: Operation not permitted[34;1m -> Function [36minit[m
[37;1m2026-07-27 14:09:31.141 [31;1m[[37;1mRTPS_PARTICIPANT[31;1m Error] [37mUser transport failed to register.[34;1m -> Function [36mRTPSParticipantImpl[m
[INFO] [motion_plan-1]: process started with pid [39]
[motion_plan-1] getifaddrs: Operation not permitted
[motion_plan-1] getifaddrs: Operation not permitted
[motion_plan-1] getifaddrs: Operation not permitted
[motion_plan-1] [37;1m2026-07-27 14:09:31.159 [31;1m[[37;1mTRANSPORT_UDP[31;1m Error] [37mError creating socket: Operation not permitted[34;1m -> Function [36minit[m
[motion_plan-1] [37;1m2026-07-27 14:09:31.160 [31;1m[[37;1mRTPS_PARTICIPANT[31;1m Error] [37mUser transport failed to register.[34;1m -> Function [36mRTPSParticipantImpl[m
[motion_plan-1] x_size =50 y_size =50 z_size5
[motion_plan-1] resolution =0.1
[motion_plan-1] origin =0
[motion_plan-1] 0
[motion_plan-1] 0
[motion_plan-1] inflate_values =1
[motion_plan-1] [INFO] [1785132571.254455880] [scan_planner_interactive_node]: Interactive SCAN-Planner Node Ready!
[motion_plan-1] [INFO] [1785132571.254725288] [scan_planner_interactive_node]: World inputs: cloud=/robot_0/cloud_registered_world, odom=/robot_0/odometry, global_path=/scan_global_path, frame=world
[motion_plan-1] [INFO] [1785132571.254748936] [scan_planner_interactive_node]: === 使用方法 ===
[motion_plan-1] [INFO] [1785132571.254759112] [scan_planner_interactive_node]: 1. 添加全局路径：使用2D Nav Goal工具设置终点
[motion_plan-1] [INFO] [1785132571.254767592] [scan_planner_interactive_node]: 2. 添加障碍物（三种方法任选）：
[motion_plan-1] [INFO] [1785132571.254774696] [scan_planner_interactive_node]:    - 方法A：使用Publish Point工具点击地图
[motion_plan-1] [INFO] [1785132571.254782024] [scan_planner_interactive_node]:    - 方法B：使用2D Pose Estimate工具点击Grid任意位置（推荐）
[motion_plan-1] [INFO] [1785132571.254789352] [scan_planner_interactive_node]:    - 方法C：发布PointCloud2到 /rviz_input_obstacles
[motion_plan-1] [INFO] [1785132571.254796296] [scan_planner_interactive_node]: 3. 触发规划：ros2 topic pub /trigger_plan std_msgs/Bool "{data: true}"
[motion_plan-1] [INFO] [1785132571.254806312] [scan_planner_interactive_node]: 4. 停止规划：ros2 topic pub /trigger_plan std_msgs/Bool "{data: false}"
[motion_plan-1] [INFO] [1785132571.254814088] [scan_planner_interactive_node]: 5. 支持多次规划：可以反复发送true/false控制规划
[motion_plan-1] [INFO] [1785132571.254821064] [scan_planner_interactive_node]: 
[motion_plan-1] [INFO] [1785132571.254828776] [scan_planner_interactive_node]: === RViz2设置步骤 ===
[motion_plan-1] [INFO] [1785132571.254835880] [scan_planner_interactive_node]: 1. 添加Grid显示
[motion_plan-1] [INFO] [1785132571.254842664] [scan_planner_interactive_node]: 2. 添加2D Nav Goal工具（话题：/goal_pose）
[motion_plan-1] [INFO] [1785132571.254849640] [scan_planner_interactive_node]: 3. 添加2D Pose Estimate工具（使用默认话题：/initialpose）
[motion_plan-1] [INFO] [1785132571.254856488] [scan_planner_interactive_node]: 4. 添加Publish Point工具（使用默认话题：/clicked_point）
[motion_plan-1] [INFO] [1785132571.254863624] [scan_planner_interactive_node]: 5. 添加PointCloud2显示（话题：/visual_obstacles）
[motion_plan-1] [INFO] [1785132571.254870600] [scan_planner_interactive_node]: 6. 添加Path显示（话题：/visual_global_path和/visual_local_trajectory）
[INFO] [1785132571.263242472] [scan_mid360_world_input_test]: Waiting for SCAN-Planner interfaces
[INFO] [1785132571.315660840] [scan_mid360_world_input_test]: Checking rejection of non-world input frames
[motion_plan-1] [WARN] [1785132571.316951016] [scan_planner_interactive_node]: 忽略里程计: frame_id='map', 期望 'world'
[motion_plan-1] [WARN] [1785132571.317311016] [scan_planner_interactive_node]: 忽略点云: frame_id='map', 期望 'world'; 当前阶段不执行 TF 转换
[motion_plan-1] [WARN] [1785132571.317640168] [scan_planner_interactive_node]: 忽略全局路径: frame_id='map', 期望 'world'
[motion_plan-1] [WARN] [1785132571.421191560] [scan_planner_interactive_node]: 忽略全局路径: frame_id='map', 期望 'world'
[motion_plan-1] [WARN] [1785132571.455037992] [scan_planner_interactive_node]: a_star_pathes_ is empty, no trajectories to publish.
[INFO] [1785132571.462073704] [scan_mid360_world_input_test]: Publishing synthetic world odometry
[motion_plan-1] [WARN] [1785132571.654903592] [scan_planner_interactive_node]: a_star_pathes_ is empty, no trajectories to publish.
[motion_plan-1] [WARN] [1785132571.854930472] [scan_planner_interactive_node]: a_star_pathes_ is empty, no trajectories to publish.
[INFO] [1785132572.011834952] [scan_mid360_world_input_test]: Publishing filtered cloud and 3D global path
[motion_plan-1] [INFO] [1785132572.013938024] [scan_planner_interactive_node]: 局部世界系障碍物: 2 点, 输入=8 点
[motion_plan-1] [INFO] [1785132572.014339496] [scan_planner_interactive_node]: 收到世界系全局路径: 3 个点
[motion_plan-1] [WARN] [1785132572.055051464] [scan_planner_interactive_node]: a_star_pathes_ is empty, no trajectories to publish.
[INFO] [1785132572.062788424] [scan_mid360_world_input_test]: Triggering planning
[motion_plan-1] [INFO] [1785132572.063445768] [scan_planner_interactive_node]: 收到 /trigger_plan=true，已触发世界系规划
[motion_plan-1] [INFO] [1785132572.064708808] [scan_planner_interactive_node]: 收到 /trigger_plan=true，已触发世界系规划
[motion_plan-1] [INFO] [1785132572.166044424] [scan_planner_interactive_node]: 收到 /trigger_plan=true，已触发世界系规划
[motion_plan-1] [32miter(+1)=47,time(ms)=0.426,total_t(ms)=0.426,cost=2.230
[motion_plan-1] [0mfirst_optimize_step_success=1
[motion_plan-1] Need to reallocate time.
[motion_plan-1] [INFO] [1785132572.257638536] [scan_planner_interactive_node]: 规划完成: 参考路径=3 点, 局部障碍物=2 点
[motion_plan-1] [WARN] [1785132572.258050760] [scan_planner_interactive_node]: a_star_pathes_ is empty, no trajectories to publish.
[motion_plan-1] [INFO] [1785132572.262424200] [scan_planner_interactive_node]: 收到 /trigger_plan=true，已触发世界系规划
[motion_plan-1] [INFO] [1785132572.262766120] [scan_planner_interactive_node]: 收到 /trigger_plan=true，已触发世界系规划
ERROR

======================================================================
ERROR: test_world_input_pipeline (scan_planner.TestScanMid360WorldInput)
----------------------------------------------------------------------
Traceback (most recent call last):
  File "/home/amov/scan_ws/src/SCAN-Planner-Pure-ROS2-master/test/test_scan_mid360_world_input_launch.py", line 54, in test_world_input_pipeline
    verifier.run(timeout_sec=45.0)
  File "/home/amov/scan_ws/src/SCAN-Planner-Pure-ROS2-master/test/scan_mid360_world_input_test_node.py", line 268, in run
    self._validate_planning_outputs()
  File "/home/amov/scan_ws/src/SCAN-Planner-Pure-ROS2-master/test/scan_mid360_world_input_test_node.py", line 342, in _validate_planning_outputs
    raise VerificationError(
scan_mid360_world_input_test_node.VerificationError: Local trajectory lost its world height: Z sample=[0.0, 0.0, 0.0, 0.0, 0.0]

----------------------------------------------------------------------
Ran 1 test in 1.139s

FAILED (errors=1)
[motion_plan-1] MotionPlanner Total Running Time: 1  ms 
[motion_plan-1] [32miter(+1)=47,time(ms)=0.747,total_t(ms)=0.747,cost=2.230
[motion_plan-1] [0mfirst_optimize_step_success=1
[motion_plan-1] Need to reallocate time.
[INFO] [motion_plan-1]: sending signal 'SIGINT' to process[motion_plan-1]
[motion_plan-1] [INFO] [1785132572.458739432] [scan_planner_interactive_node]: 规划完成: 参考路径=3 点, 局部障碍物=2 点
[motion_plan-1] [WARN] [1785132572.459027080] [scan_planner_interactive_node]: a_star_pathes_ is empty, no trajectories to publish.
[motion_plan-1] [INFO] [1785132572.464730184] [rclcpp]: signal_handler(SIGINT/SIGTERM)
[motion_plan-1] MotionPlanner Total Running Time: 2  ms 
[INFO] [motion_plan-1]: process has finished cleanly [pid 39]

----------------------------------------------------------------------
Ran 0 tests in 0.000s

OK
-- run_test.py: return code 1
-- run_test.py: verify result file '/home/amov/scan_ws/build/scan_planner/test_results/scan_planner/test_test_scan_mid360_world_input_launch.py.xunit.xml'
<end of output>
Test time =   2.89 sec
----------------------------------------------------------
Test Failed.
"test_test_scan_mid360_world_input_launch.py" end time: Jul 27 14:09 CST
"test_test_scan_mid360_world_input_launch.py" time elapsed: 00:00:02
----------------------------------------------------------

End testing: Jul 27 14:09 CST

launch_test =   2.89 sec*proc

