Start testing: Jul 27 14:08 CST
----------------------------------------------------------
1/1 Testing: test_test_scan_mid360_world_input_launch.py
1/1 Test: test_test_scan_mid360_world_input_launch.py
Command: "/usr/bin/python3" "-u" "/opt/ros/humble/share/ament_cmake_test/cmake/run_test.py" "/home/amov/scan_ws/build/scan_planner/test_results/scan_planner/test_test_scan_mid360_world_input_launch.py.xunit.xml" "--package-name" "scan_planner" "--output-file" "/home/amov/scan_ws/build/scan_planner/launch_test/test_test_scan_mid360_world_input_launch.py.txt" "--command" "/usr/bin/python3" "-m" "launch_testing.launch_test" "/home/amov/scan_ws/src/SCAN-Planner-Pure-ROS2-master/test/test_scan_mid360_world_input_launch.py" "--junit-xml=/home/amov/scan_ws/build/scan_planner/test_results/scan_planner/test_test_scan_mid360_world_input_launch.py.xunit.xml" "--package-name=scan_planner"
Directory: /home/amov/scan_ws/build/scan_planner
"test_test_scan_mid360_world_input_launch.py" start time: Jul 27 14:08 CST
Output:
----------------------------------------------------------
-- run_test.py: invoking following command in '/home/amov/scan_ws/build/scan_planner':
 - /usr/bin/python3 -m launch_testing.launch_test /home/amov/scan_ws/src/SCAN-Planner-Pure-ROS2-master/test/test_scan_mid360_world_input_launch.py --junit-xml=/home/amov/scan_ws/build/scan_planner/test_results/scan_planner/test_test_scan_mid360_world_input_launch.py.xunit.xml --package-name=scan_planner
usage: launch_test.py [-h] [--package-name PACKAGE_NAME] [-v] [-s]
                      [--junit-xml XMLPATH]
                      launch_test_file [launch_arguments ...]
launch_test.py: error: [Errno 30] Read-only file system: '/home/amov/.ros/log/2026-07-27-14-08-43-570214-ubuntu-30'
-- run_test.py: return code 2
-- run_test.py: generate result file '/home/amov/scan_ws/build/scan_planner/test_results/scan_planner/test_test_scan_mid360_world_input_launch.py.xunit.xml' with failed test
-- run_test.py: verify result file '/home/amov/scan_ws/build/scan_planner/test_results/scan_planner/test_test_scan_mid360_world_input_launch.py.xunit.xml'
<end of output>
Test time =   1.20 sec
----------------------------------------------------------
Test Failed.
"test_test_scan_mid360_world_input_launch.py" end time: Jul 27 14:08 CST
"test_test_scan_mid360_world_input_launch.py" time elapsed: 00:00:01
----------------------------------------------------------

End testing: Jul 27 14:08 CST

launch_test =   1.20 sec*proc

