<?xml version="1.0" encoding="UTF-8"?>
<Site BuildName="(empty)"
	BuildStamp="20260727-0701-Experimental"
	Name="ubuntu"
	Generator="ctest-3.22.1"
	CompilerName="/usr/bin/c++"
	CompilerVersion="11.4.0"
	OSName="Linux"
	Hostname="ubuntu"
	OSRelease="5.15.148-tegra"
	OSVersion="#1 SMP PREEMPT Thu Sep 18 15:08:33 PDT 2025"
	OSPlatform="aarch64"
	Is64Bits="1"
	VendorString=""
	VendorID="Unknown Manufacturer"
	FamilyID="8"
	ModelID="0"
	ProcessorCacheSize="0"
	NumberOfLogicalCPU="8"
	NumberOfPhysicalCPU="1"
	TotalVirtualMemory="7827"
	TotalPhysicalMemory="15655"
	LogicalProcessorsPerPhysical="8"
	ProcessorClockFrequency="0"
	>
	<Testing>
		<StartDateTime>Jul 27 15:01 CST</StartDateTime>
		<StartTestTime>1785135681</StartTestTime>
		<TestList>
			<Test>./test_test_scan_mid360_world_input_launch.py</Test>
		</TestList>
		<Test Status="passed">
			<Name>test_test_scan_mid360_world_input_launch.py</Name>
			<Path>.</Path>
			<FullName>./test_test_scan_mid360_world_input_launch.py</FullName>
			<FullCommandLine>/usr/bin/python3 "-u" "/opt/ros/humble/share/ament_cmake_test/cmake/run_test.py" "/home/amov/scan_ws/build/scan_planner/test_results/scan_planner/test_test_scan_mid360_world_input_launch.py.xunit.xml" "--package-name" "scan_planner" "--output-file" "/home/amov/scan_ws/build/scan_planner/launch_test/test_test_scan_mid360_world_input_launch.py.txt" "--command" "/usr/bin/python3" "-m" "launch_testing.launch_test" "/home/amov/scan_ws/src/SCAN-Planner-Pure-ROS2-master/test/test_scan_mid360_world_input_launch.py" "--junit-xml=/home/amov/scan_ws/build/scan_planner/test_results/scan_planner/test_test_scan_mid360_world_input_launch.py.xunit.xml" "--package-name=scan_planner"</FullCommandLine>
			<Results>
				<NamedMeasurement type="numeric/double" name="Execution Time">
					<Value>2.99715</Value>
				</NamedMeasurement>
				<NamedMeasurement type="numeric/double" name="Processors">
					<Value>1</Value>
				</NamedMeasurement>
				<NamedMeasurement type="text/string" name="Completion Status">
					<Value>Completed</Value>
				</NamedMeasurement>
				<NamedMeasurement type="text/string" name="Command Line">
					<Value>/usr/bin/python3 "-u" "/opt/ros/humble/share/ament_cmake_test/cmake/run_test.py" "/home/amov/scan_ws/build/scan_planner/test_results/scan_planner/test_test_scan_mid360_world_input_launch.py.xunit.xml" "--package-name" "scan_planner" "--output-file" "/home/amov/scan_ws/build/scan_planner/launch_test/test_test_scan_mid360_world_input_launch.py.txt" "--command" "/usr/bin/python3" "-m" "launch_testing.launch_test" "/home/amov/scan_ws/src/SCAN-Planner-Pure-ROS2-master/test/test_scan_mid360_world_input_launch.py" "--junit-xml=/home/amov/scan_ws/build/scan_planner/test_results/scan_planner/test_test_scan_mid360_world_input_launch.py.xunit.xml" "--package-name=scan_planner"</Value>
				</NamedMeasurement>
				<NamedMeasurement type="text/string" name="Environment">
					<Value>#CTEST_RESOURCE_GROUP_COUNT=</Value>
				</NamedMeasurement>
				<Measurement>
					<Value>-- run_test.py: invoking following command in '/home/amov/scan_ws/build/scan_planner':
 - /usr/bin/python3 -m launch_testing.launch_test /home/amov/scan_ws/src/SCAN-Planner-Pure-ROS2-master/test/test_scan_mid360_world_input_launch.py --junit-xml=/home/amov/scan_ws/build/scan_planner/test_results/scan_planner/test_test_scan_mid360_world_input_launch.py.xunit.xml --package-name=scan_planner
[INFO] [launch]: All log files can be found below /tmp/scan_planner_test_logs/2026-07-27-15-01-23-014904-ubuntu-32
[INFO] [launch]: Default logging verbosity is set to INFO
test_world_input_pipeline (scan_planner.TestScanMid360WorldInput) ... getifaddrs: Operation not permitted
getifaddrs: Operation not permitted
getifaddrs: Operation not permitted
[NON-XML-CHAR-0x1B][37;1m2026-07-27 15:01:23.061 [NON-XML-CHAR-0x1B][31;1m[[NON-XML-CHAR-0x1B][37;1mTRANSPORT_UDP[NON-XML-CHAR-0x1B][31;1m Error] [NON-XML-CHAR-0x1B][37mError creating socket: Operation not permitted[NON-XML-CHAR-0x1B][34;1m -&gt; Function [NON-XML-CHAR-0x1B][36minit[NON-XML-CHAR-0x1B][m
[NON-XML-CHAR-0x1B][37;1m2026-07-27 15:01:23.061 [NON-XML-CHAR-0x1B][31;1m[[NON-XML-CHAR-0x1B][37;1mRTPS_PARTICIPANT[NON-XML-CHAR-0x1B][31;1m Error] [NON-XML-CHAR-0x1B][37mUser transport failed to register.[NON-XML-CHAR-0x1B][34;1m -&gt; Function [NON-XML-CHAR-0x1B][36mRTPSParticipantImpl[NON-XML-CHAR-0x1B][m
[INFO] [motion_plan-1]: process started with pid [51]
[motion_plan-1] getifaddrs: Operation not permitted
[motion_plan-1] getifaddrs: Operation not permitted
[motion_plan-1] getifaddrs: Operation not permitted
[motion_plan-1] [NON-XML-CHAR-0x1B][37;1m2026-07-27 15:01:23.098 [NON-XML-CHAR-0x1B][31;1m[[NON-XML-CHAR-0x1B][37;1mTRANSPORT_UDP[NON-XML-CHAR-0x1B][31;1m Error] [NON-XML-CHAR-0x1B][37mError creating socket: Operation not permitted[NON-XML-CHAR-0x1B][34;1m -&gt; Function [NON-XML-CHAR-0x1B][36minit[NON-XML-CHAR-0x1B][m
[motion_plan-1] [NON-XML-CHAR-0x1B][37;1m2026-07-27 15:01:23.098 [NON-XML-CHAR-0x1B][31;1m[[NON-XML-CHAR-0x1B][37;1mRTPS_PARTICIPANT[NON-XML-CHAR-0x1B][31;1m Error] [NON-XML-CHAR-0x1B][37mUser transport failed to register.[NON-XML-CHAR-0x1B][34;1m -&gt; Function [NON-XML-CHAR-0x1B][36mRTPSParticipantImpl[NON-XML-CHAR-0x1B][m
[motion_plan-1] x_size =50 y_size =50 z_size5
[motion_plan-1] resolution =0.1
[motion_plan-1] origin =0
[motion_plan-1] 0
[motion_plan-1] 0
[motion_plan-1] inflate_values =1
[INFO] [1785135683.183076776] [scan_mid360_world_input_test]: Waiting for SCAN-Planner interfaces
[motion_plan-1] [INFO] [1785135683.203594888] [scan_planner_interactive_node]: Interactive SCAN-Planner Node Ready!
[motion_plan-1] [INFO] [1785135683.203899016] [scan_planner_interactive_node]: World inputs: cloud=/robot_0/cloud_registered_world, odom=/robot_0/odometry, global_path=/scan_global_path, frame=world
[motion_plan-1] [INFO] [1785135683.203922440] [scan_planner_interactive_node]: === 使用方法 ===
[motion_plan-1] [INFO] [1785135683.203933288] [scan_planner_interactive_node]: 1. 添加全局路径：使用2D Nav Goal工具设置终点
[motion_plan-1] [INFO] [1785135683.203942120] [scan_planner_interactive_node]: 2. 添加障碍物（三种方法任选）：
[motion_plan-1] [INFO] [1785135683.203949768] [scan_planner_interactive_node]:    - 方法A：使用Publish Point工具点击地图
[motion_plan-1] [INFO] [1785135683.203957160] [scan_planner_interactive_node]:    - 方法B：使用2D Pose Estimate工具点击Grid任意位置（推荐）
[motion_plan-1] [INFO] [1785135683.203964392] [scan_planner_interactive_node]:    - 方法C：发布PointCloud2到 /rviz_input_obstacles
[motion_plan-1] [INFO] [1785135683.203971720] [scan_planner_interactive_node]: 3. 触发规划：ros2 topic pub /trigger_plan std_msgs/Bool "{data: true}"
[motion_plan-1] [INFO] [1785135683.203983304] [scan_planner_interactive_node]: 4. 停止规划：ros2 topic pub /trigger_plan std_msgs/Bool "{data: false}"
[motion_plan-1] [INFO] [1785135683.203991720] [scan_planner_interactive_node]: 5. 支持多次规划：可以反复发送true/false控制规划
[motion_plan-1] [INFO] [1785135683.203998856] [scan_planner_interactive_node]: 
[motion_plan-1] [INFO] [1785135683.204007080] [scan_planner_interactive_node]: === RViz2设置步骤 ===
[motion_plan-1] [INFO] [1785135683.204014376] [scan_planner_interactive_node]: 1. 添加Grid显示
[motion_plan-1] [INFO] [1785135683.204021352] [scan_planner_interactive_node]: 2. 添加2D Nav Goal工具（话题：/goal_pose）
[motion_plan-1] [INFO] [1785135683.204028584] [scan_planner_interactive_node]: 3. 添加2D Pose Estimate工具（使用默认话题：/initialpose）
[motion_plan-1] [INFO] [1785135683.204035656] [scan_planner_interactive_node]: 4. 添加Publish Point工具（使用默认话题：/clicked_point）
[motion_plan-1] [INFO] [1785135683.204042504] [scan_planner_interactive_node]: 5. 添加PointCloud2显示（话题：/visual_obstacles）
[motion_plan-1] [INFO] [1785135683.204049928] [scan_planner_interactive_node]: 6. 添加Path显示（话题：/visual_global_path和/visual_local_trajectory）
[INFO] [1785135683.235483976] [scan_mid360_world_input_test]: Checking rejection of non-world input frames
[motion_plan-1] [WARN] [1785135683.320743560] [scan_planner_interactive_node]: 忽略全局路径: frame_id='map', 期望 'world'
[motion_plan-1] [WARN] [1785135683.339803208] [scan_planner_interactive_node]: 忽略里程计: frame_id='map', 期望 'world'
[motion_plan-1] [WARN] [1785135683.340297416] [scan_planner_interactive_node]: 忽略点云: frame_id='map', 期望 'world'; 当前阶段不执行 TF 转换
[motion_plan-1] [WARN] [1785135683.340622952] [scan_planner_interactive_node]: 忽略全局路径: frame_id='map', 期望 'world'
[motion_plan-1] [WARN] [1785135683.404180808] [scan_planner_interactive_node]: a_star_pathes_ is empty, no trajectories to publish.
[INFO] [1785135683.409494024] [scan_mid360_world_input_test]: Publishing synthetic world odometry
[motion_plan-1] [WARN] [1785135683.604227816] [scan_planner_interactive_node]: a_star_pathes_ is empty, no trajectories to publish.
[motion_plan-1] [WARN] [1785135683.804243656] [scan_planner_interactive_node]: a_star_pathes_ is empty, no trajectories to publish.
[INFO] [1785135683.913245000] [scan_mid360_world_input_test]: Publishing filtered cloud and 3D global path
[motion_plan-1] [INFO] [1785135683.915835528] [scan_planner_interactive_node]: 局部世界系障碍物: 2 点, 输入=8 点
[motion_plan-1] [INFO] [1785135683.916231272] [scan_planner_interactive_node]: 收到世界系全局路径: 3 个点
[motion_plan-1] [WARN] [1785135684.004125736] [scan_planner_interactive_node]: a_star_pathes_ is empty, no trajectories to publish.
[INFO] [1785135684.010216712] [scan_mid360_world_input_test]: Triggering planning
[motion_plan-1] [INFO] [1785135684.011170120] [scan_planner_interactive_node]: 收到 /trigger_plan=true，已触发世界系规划
[motion_plan-1] [NON-XML-CHAR-0x1B][32miter(+1)=46,time(ms)=0.733,total_t(ms)=0.734,cost=5.383
[motion_plan-1] [PlannerInterface] post-opt z=      1 1.00741 1.01481 1.02222 1.02963 1.03704 1.04444 1.05185 1.05926 1.06667 1.07407 1.08148 1.08889  1.0963  1.1037 1.11111 1.11852 1.12593 1.13333 1.14074 1.14815 1.15556 1.16296 1.17037 1.17778 1.18519 1.19259     1.2
[motion_plan-1] [NON-XML-CHAR-0x1B][0mfirst_optimize_step_success=1
[motion_plan-1] Need to reallocate time.
[motion_plan-1] [PlannerInterface] sampled first pos=0.0427125         0   1.00741
[motion_plan-1] [INFO] [1785135684.208816808] [scan_planner_interactive_node]: 规划完成: 参考路径=3 点, 局部障碍物=2 点
[motion_plan-1] [WARN] [1785135684.209292552] [scan_planner_interactive_node]: a_star_pathes_ is empty, no trajectories to publish.
[INFO] [1785135684.232359080] [scan_mid360_world_input_test]: PASS: world input, XYZ filtering, path Z, local planning and inflation; A* markers observed=0
ok

----------------------------------------------------------------------
Ran 1 test in 1.189s

OK
[motion_plan-1] [WARN] [1785135684.404057032] [scan_planner_interactive_node]: a_star_pathes_ is empty, no trajectories to publish.
[INFO] [motion_plan-1]: sending signal 'SIGINT' to process[motion_plan-1]
[motion_plan-1] [INFO] [1785135684.409537224] [rclcpp]: signal_handler(SIGINT/SIGTERM)
[motion_plan-1] MotionPlanner Total Running Time: 2  ms 
[INFO] [motion_plan-1]: process has finished cleanly [pid 51]

----------------------------------------------------------------------
Ran 0 tests in 0.000s

OK
-- run_test.py: return code 0
-- run_test.py: verify result file '/home/amov/scan_ws/build/scan_planner/test_results/scan_planner/test_test_scan_mid360_world_input_launch.py.xunit.xml'
</Value>
				</Measurement>
			</Results>
			<Labels>
				<Label>launch_test</Label>
			</Labels>
		</Test>
		<EndDateTime>Jul 27 15:01 CST</EndDateTime>
		<EndTestTime>1785135684</EndTestTime>
		<ElapsedMinutes>0</ElapsedMinutes>
	</Testing>
</Site>
